2019-04-25T03:49:52+00:00 dhcp-clara-6271.redrover.cornell.edu#01 I: Start test state:0:check dimension 1.
2019-04-25T03:49:52+00:00 dhcp-clara-6271.redrover.cornell.edu#01 I: Test state:0:check dimension 1 is successful.
2019-04-25T03:49:52+00:00 dhcp-clara-6271.redrover.cornell.edu#01 I: End test state:0:check dimension 1.
2019-04-25T03:49:52+00:00 dhcp-clara-6271.redrover.cornell.edu#01 I: Start test state:2:check dimension 7.
2019-04-25T03:49:52+00:00 dhcp-clara-6271.redrover.cornell.edu#01 I: Test state:2:check dimension 7 is successful.
2019-04-25T03:49:52+00:00 dhcp-clara-6271.redrover.cornell.edu#01 I: End test state:2:check dimension 7.
2019-04-25T03:49:52+00:00 dhcp-clara-6271.redrover.cornell.edu#01 I: Start test state:4:mysecondtestohyeah.
2019-04-25T03:49:52+00:00 dhcp-clara-6271.redrover.cornell.edu#01 I: Test state:4:mysecondtestohyeah is successful.
2019-04-25T03:49:52+00:00 dhcp-clara-6271.redrover.cornell.edu#01 I: End test state:4:mysecondtestohyeah.
2019-04-25T03:49:52+00:00 dhcp-clara-6271.redrover.cornell.edu#01 I: Start test state:6:myfourthtest.
2019-04-25T03:49:52+00:00 dhcp-clara-6271.redrover.cornell.edu#01 I: Test state:6:myfourthtest is successful.
2019-04-25T03:49:52+00:00 dhcp-clara-6271.redrover.cornell.edu#01 I: End test state:6:myfourthtest.
2019-04-25T03:49:52+00:00 dhcp-clara-6271.redrover.cornell.edu#01 I: Start test state:8:bandtest1.
2019-04-25T03:49:52+00:00 dhcp-clara-6271.redrover.cornell.edu#01 I: Test state:8:bandtest1 is successful.
2019-04-25T03:49:52+00:00 dhcp-clara-6271.redrover.cornell.edu#01 I: End test state:8:bandtest1.
2019-04-25T03:49:52+00:00 dhcp-clara-6271.redrover.cornell.edu#01 I: Start test state:10:bandtest3.
2019-04-25T03:49:52+00:00 dhcp-clara-6271.redrover.cornell.edu#01 I: Test state:10:bandtest3 is successful.
2019-04-25T03:49:52+00:00 dhcp-clara-6271.redrover.cornell.edu#01 I: End test state:10:bandtest3.
2019-04-25T03:49:52+00:00 dhcp-clara-6271.redrover.cornell.edu#01 I: Start test state:12:bandtest5.
2019-04-25T03:49:52+00:00 dhcp-clara-6271.redrover.cornell.edu#01 I: Test state:12:bandtest5 is successful.
2019-04-25T03:49:52+00:00 dhcp-clara-6271.redrover.cornell.edu#01 I: End test state:12:bandtest5.
2019-04-25T03:49:52+00:00 dhcp-clara-6271.redrover.cornell.edu#01 I: Start test state:14:bandtest7.
2019-04-25T03:49:52+00:00 dhcp-clara-6271.redrover.cornell.edu#01 I: Test state:14:bandtest7 is successful.
2019-04-25T03:49:52+00:00 dhcp-clara-6271.redrover.cornell.edu#01 I: End test state:14:bandtest7.
2019-04-25T03:49:52+00:00 dhcp-clara-6271.redrover.cornell.edu#01 I: Start test state:16:bandtest9.
2019-04-25T03:49:52+00:00 dhcp-clara-6271.redrover.cornell.edu#01 I: Test state:16:bandtest9 is successful.
2019-04-25T03:49:52+00:00 dhcp-clara-6271.redrover.cornell.edu#01 I: End test state:16:bandtest9.
2019-04-25T03:49:52+00:00 dhcp-clara-6271.redrover.cornell.edu#01 I: Start test state:18:bandtest11.
2019-04-25T03:49:52+00:00 dhcp-clara-6271.redrover.cornell.edu#01 I: Test state:18:bandtest11 is successful.
2019-04-25T03:49:52+00:00 dhcp-clara-6271.redrover.cornell.edu#01 I: End test state:18:bandtest11.
2019-04-25T03:49:52+00:00 dhcp-clara-6271.redrover.cornell.edu#01 I: Start test state:20:test2.
2019-04-25T03:49:52+00:00 dhcp-clara-6271.redrover.cornell.edu#01 I: Test state:20:test2 is successful.
2019-04-25T03:49:52+00:00 dhcp-clara-6271.redrover.cornell.edu#01 I: End test state:20:test2.
2019-04-25T03:49:52+00:00 dhcp-clara-6271.redrover.cornell.edu#01 I: Start test state:22:test4.
2019-04-25T03:49:52+00:00 dhcp-clara-6271.redrover.cornell.edu#01 I: Test state:22:test4 is successful.
2019-04-25T03:49:52+00:00 dhcp-clara-6271.redrover.cornell.edu#01 I: End test state:22:test4.
2019-04-25T03:49:52+00:00 dhcp-clara-6271.redrover.cornell.edu#01 I: Start test state:23:test5.
2019-04-25T03:49:52+00:00 dhcp-clara-6271.redrover.cornell.edu#01 I: Test state:23:test5 is successful.
2019-04-25T03:49:52+00:00 dhcp-clara-6271.redrover.cornell.edu#01 I: End test state:23:test5.
2019-04-25T03:49:52+00:00 dhcp-clara-6271.redrover.cornell.edu#01 I: Start test state:25:test7.
2019-04-25T03:49:52+00:00 dhcp-clara-6271.redrover.cornell.edu#01 I: Test state:25:test7 is successful.
2019-04-25T03:49:52+00:00 dhcp-clara-6271.redrover.cornell.edu#01 I: End test state:25:test7.
2019-04-25T03:49:52+00:00 dhcp-clara-6271.redrover.cornell.edu#01 I: Start test state:28:test9.
2019-04-25T03:49:52+00:00 dhcp-clara-6271.redrover.cornell.edu#01 I: Test state:28:test9 is successful.
2019-04-25T03:49:52+00:00 dhcp-clara-6271.redrover.cornell.edu#01 I: End test state:28:test9.
2019-04-25T03:49:52+00:00 dhcp-clara-6271.redrover.cornell.edu#01 I: Start test state:29:test10.
2019-04-25T03:49:52+00:00 dhcp-clara-6271.redrover.cornell.edu#01 I: Test state:29:test10 is successful.
2019-04-25T03:49:52+00:00 dhcp-clara-6271.redrover.cornell.edu#01 I: End test state:29:test10.
2019-04-25T03:49:52+00:00 dhcp-clara-6271.redrover.cornell.edu#01 I: Start test state:31:test12.
2019-04-25T03:49:52+00:00 dhcp-clara-6271.redrover.cornell.edu#01 I: Test state:31:test12 is successful.
2019-04-25T03:49:52+00:00 dhcp-clara-6271.redrover.cornell.edu#01 I: End test state:31:test12.
2019-04-25T03:49:52+00:00 dhcp-clara-6271.redrover.cornell.edu#01 I: Start test state:33:stest1.
2019-04-25T03:49:52+00:00 dhcp-clara-6271.redrover.cornell.edu#01 I: Test state:33:stest1 is successful.
2019-04-25T03:49:52+00:00 dhcp-clara-6271.redrover.cornell.edu#01 I: End test state:33:stest1.
2019-04-25T03:49:52+00:00 dhcp-clara-6271.redrover.cornell.edu#01 I: Start test state:35:stest3.
2019-04-25T03:49:52+00:00 dhcp-clara-6271.redrover.cornell.edu#01 I: Test state:35:stest3 is successful.
2019-04-25T03:49:52+00:00 dhcp-clara-6271.redrover.cornell.edu#01 I: End test state:35:stest3.
2019-04-25T03:49:52+00:00 dhcp-clara-6271.redrover.cornell.edu#01 I: Start test state:38:cgreyp.
2019-04-25T03:49:52+00:00 dhcp-clara-6271.redrover.cornell.edu#01 I: Test state:38:cgreyp is successful.
2019-04-25T03:49:52+00:00 dhcp-clara-6271.redrover.cornell.edu#01 I: End test state:38:cgreyp.
2019-04-25T03:49:52+00:00 dhcp-clara-6271.redrover.cornell.edu#01 I: Start test state:39:count.
2019-04-25T03:49:52+00:00 dhcp-clara-6271.redrover.cornell.edu#01 I: Test state:39:count is successful.
2019-04-25T03:49:52+00:00 dhcp-clara-6271.redrover.cornell.edu#01 I: End test state:39:count.
2019-04-25T03:49:52+00:00 dhcp-clara-6271.redrover.cornell.edu#01 I: Start test state:41:oddeven2.
2019-04-25T03:49:52+00:00 dhcp-clara-6271.redrover.cornell.edu#01 I: Test state:41:oddeven2 is successful.
2019-04-25T03:49:52+00:00 dhcp-clara-6271.redrover.cornell.edu#01 I: End test state:41:oddeven2.
2019-04-25T03:49:52+00:00 dhcp-clara-6271.redrover.cornell.edu#01 I: Start test state:42:oddeven3.
2019-04-25T03:49:52+00:00 dhcp-clara-6271.redrover.cornell.edu#01 I: Test state:42:oddeven3 is successful.
2019-04-25T03:49:52+00:00 dhcp-clara-6271.redrover.cornell.edu#01 I: End test state:42:oddeven3.
