2019-04-25T03:49:52+00:00 dhcp-clara-6271.redrover.cornell.edu#02 I: Start test state:1:check dimension 5.
2019-04-25T03:49:52+00:00 dhcp-clara-6271.redrover.cornell.edu#02 I: Test state:1:check dimension 5 is successful.
2019-04-25T03:49:52+00:00 dhcp-clara-6271.redrover.cornell.edu#02 I: End test state:1:check dimension 5.
2019-04-25T03:49:52+00:00 dhcp-clara-6271.redrover.cornell.edu#02 I: Start test state:3:myfirsttestohyeah.
2019-04-25T03:49:52+00:00 dhcp-clara-6271.redrover.cornell.edu#02 I: Test state:3:myfirsttestohyeah is successful.
2019-04-25T03:49:52+00:00 dhcp-clara-6271.redrover.cornell.edu#02 I: End test state:3:myfirsttestohyeah.
2019-04-25T03:49:52+00:00 dhcp-clara-6271.redrover.cornell.edu#02 I: Start test state:5:mythirdtest.
2019-04-25T03:49:52+00:00 dhcp-clara-6271.redrover.cornell.edu#02 I: Test state:5:mythirdtest is successful.
2019-04-25T03:49:52+00:00 dhcp-clara-6271.redrover.cornell.edu#02 I: End test state:5:mythirdtest.
2019-04-25T03:49:52+00:00 dhcp-clara-6271.redrover.cornell.edu#02 I: Start test state:7:my5thtest.
2019-04-25T03:49:52+00:00 dhcp-clara-6271.redrover.cornell.edu#02 I: Test state:7:my5thtest is successful.
2019-04-25T03:49:52+00:00 dhcp-clara-6271.redrover.cornell.edu#02 I: End test state:7:my5thtest.
2019-04-25T03:49:52+00:00 dhcp-clara-6271.redrover.cornell.edu#02 I: Start test state:9:bandtest2.
2019-04-25T03:49:52+00:00 dhcp-clara-6271.redrover.cornell.edu#02 I: Test state:9:bandtest2 is successful.
2019-04-25T03:49:52+00:00 dhcp-clara-6271.redrover.cornell.edu#02 I: End test state:9:bandtest2.
2019-04-25T03:49:52+00:00 dhcp-clara-6271.redrover.cornell.edu#02 I: Start test state:11:bandtest4.
2019-04-25T03:49:52+00:00 dhcp-clara-6271.redrover.cornell.edu#02 I: Test state:11:bandtest4 is successful.
2019-04-25T03:49:52+00:00 dhcp-clara-6271.redrover.cornell.edu#02 I: End test state:11:bandtest4.
2019-04-25T03:49:52+00:00 dhcp-clara-6271.redrover.cornell.edu#02 I: Start test state:13:bandtest6.
2019-04-25T03:49:52+00:00 dhcp-clara-6271.redrover.cornell.edu#02 I: Test state:13:bandtest6 is successful.
2019-04-25T03:49:52+00:00 dhcp-clara-6271.redrover.cornell.edu#02 I: End test state:13:bandtest6.
2019-04-25T03:49:52+00:00 dhcp-clara-6271.redrover.cornell.edu#02 I: Start test state:15:bandtest8.
2019-04-25T03:49:52+00:00 dhcp-clara-6271.redrover.cornell.edu#02 I: Test state:15:bandtest8 is successful.
2019-04-25T03:49:52+00:00 dhcp-clara-6271.redrover.cornell.edu#02 I: End test state:15:bandtest8.
2019-04-25T03:49:52+00:00 dhcp-clara-6271.redrover.cornell.edu#02 I: Start test state:17:bandtest10.
2019-04-25T03:49:52+00:00 dhcp-clara-6271.redrover.cornell.edu#02 I: Test state:17:bandtest10 is successful.
2019-04-25T03:49:52+00:00 dhcp-clara-6271.redrover.cornell.edu#02 I: End test state:17:bandtest10.
2019-04-25T03:49:52+00:00 dhcp-clara-6271.redrover.cornell.edu#02 I: Start test state:19:test1.
2019-04-25T03:49:52+00:00 dhcp-clara-6271.redrover.cornell.edu#02 I: Test state:19:test1 is successful.
2019-04-25T03:49:52+00:00 dhcp-clara-6271.redrover.cornell.edu#02 I: End test state:19:test1.
2019-04-25T03:49:52+00:00 dhcp-clara-6271.redrover.cornell.edu#02 I: Start test state:21:test3.
2019-04-25T03:49:52+00:00 dhcp-clara-6271.redrover.cornell.edu#02 I: Test state:21:test3 is successful.
2019-04-25T03:49:52+00:00 dhcp-clara-6271.redrover.cornell.edu#02 I: End test state:21:test3.
2019-04-25T03:49:52+00:00 dhcp-clara-6271.redrover.cornell.edu#02 I: Start test state:24:test6.
2019-04-25T03:49:52+00:00 dhcp-clara-6271.redrover.cornell.edu#02 I: Test state:24:test6 is successful.
2019-04-25T03:49:52+00:00 dhcp-clara-6271.redrover.cornell.edu#02 I: End test state:24:test6.
2019-04-25T03:49:52+00:00 dhcp-clara-6271.redrover.cornell.edu#02 I: Start test state:26:test8.
2019-04-25T03:49:52+00:00 dhcp-clara-6271.redrover.cornell.edu#02 I: Test state:26:test8 is successful.
2019-04-25T03:49:52+00:00 dhcp-clara-6271.redrover.cornell.edu#02 I: End test state:26:test8.
2019-04-25T03:49:52+00:00 dhcp-clara-6271.redrover.cornell.edu#02 I: Start test state:27:test9.
2019-04-25T03:49:52+00:00 dhcp-clara-6271.redrover.cornell.edu#02 I: Test state:27:test9 is successful.
2019-04-25T03:49:52+00:00 dhcp-clara-6271.redrover.cornell.edu#02 I: End test state:27:test9.
2019-04-25T03:49:52+00:00 dhcp-clara-6271.redrover.cornell.edu#02 I: Start test state:30:test11.
2019-04-25T03:49:52+00:00 dhcp-clara-6271.redrover.cornell.edu#02 I: Test state:30:test11 is successful.
2019-04-25T03:49:52+00:00 dhcp-clara-6271.redrover.cornell.edu#02 I: End test state:30:test11.
2019-04-25T03:49:52+00:00 dhcp-clara-6271.redrover.cornell.edu#02 I: Start test state:32:test13.
2019-04-25T03:49:52+00:00 dhcp-clara-6271.redrover.cornell.edu#02 I: Test state:32:test13 is successful.
2019-04-25T03:49:52+00:00 dhcp-clara-6271.redrover.cornell.edu#02 I: End test state:32:test13.
2019-04-25T03:49:52+00:00 dhcp-clara-6271.redrover.cornell.edu#02 I: Start test state:34:stest2.
2019-04-25T03:49:52+00:00 dhcp-clara-6271.redrover.cornell.edu#02 I: Test state:34:stest2 is successful.
2019-04-25T03:49:52+00:00 dhcp-clara-6271.redrover.cornell.edu#02 I: End test state:34:stest2.
2019-04-25T03:49:52+00:00 dhcp-clara-6271.redrover.cornell.edu#02 I: Start test state:36:greyp1.
2019-04-25T03:49:52+00:00 dhcp-clara-6271.redrover.cornell.edu#02 I: Test state:36:greyp1 is successful.
2019-04-25T03:49:52+00:00 dhcp-clara-6271.redrover.cornell.edu#02 I: End test state:36:greyp1.
2019-04-25T03:49:52+00:00 dhcp-clara-6271.redrover.cornell.edu#02 I: Start test state:37:greyp2.
2019-04-25T03:49:52+00:00 dhcp-clara-6271.redrover.cornell.edu#02 I: Test state:37:greyp2 is successful.
2019-04-25T03:49:52+00:00 dhcp-clara-6271.redrover.cornell.edu#02 I: End test state:37:greyp2.
2019-04-25T03:49:52+00:00 dhcp-clara-6271.redrover.cornell.edu#02 I: Start test state:40:oddeven1.
2019-04-25T03:49:52+00:00 dhcp-clara-6271.redrover.cornell.edu#02 I: Test state:40:oddeven1 is successful.
2019-04-25T03:49:52+00:00 dhcp-clara-6271.redrover.cornell.edu#02 I: End test state:40:oddeven1.
